* using log directory 'c:/Users/jthetzel/Research/nis/tar/pkg.Rcheck'
* using R Under development (unstable) (2011-09-11 r56986)
* using platform: x86_64-pc-mingw32 (64-bit)
* using session charset: ISO8859-1
* checking for file 'pkg/DESCRIPTION' ... OK
* this is package 'nis' version '0.1-0'
* checking package namespace information ... OK
* checking package dependencies ... OK
* checking if this is a source package ... OK
* checking if there is a namespace ... OK
* checking for executable files ... OK
* checking whether package 'nis' can be installed ... WARNING
Found the following significant warnings:
  Warning: c:/Users/jthetzel/Research/nis/pkg/man/generateSQL.Rd:56: unexpected section header '\description'
  Warning: c:/Users/jthetzel/Research/nis/pkg/man/generateSQL.Rd:62: unexpected section header '\section'
  Warning: c:/Users/jthetzel/Research/nis/pkg/man/generateSQL.Rd:95: unexpected section header '\examples'
  Warning: c:/Users/jthetzel/Research/nis/pkg/man/generateSQL.Rd:124: unexpected section header '\references'
  Warning: c:/Users/jthetzel/Research/nis/pkg/man/generateSQL.Rd:128: unexpected END_OF_INPUT '
See 'c:/Users/jthetzel/Research/nis/tar/pkg.Rcheck/00install.out' for details.
* checking installed package size ... OK
* checking package directory ... OK
* checking for portable file names ... OK
* checking DESCRIPTION meta-information ... OK
* checking top-level files ... OK
* checking index information ... OK
* checking package subdirectories ... WARNING
Subdirectory 'inst' contains no files.
* checking R files for non-ASCII characters ... OK
* checking R files for syntax errors ... OK
* checking whether the package can be loaded ... OK
* checking whether the package can be loaded with stated dependencies ... OK
* checking whether the package can be unloaded cleanly ... OK
* checking whether the namespace can be loaded with stated dependencies ... OK
* checking whether the namespace can be unloaded cleanly ... OK
* checking for unstated dependencies in R code ... OK
* checking S3 generic/method consistency ... OK
* checking replacement functions ... OK
* checking foreign function calls ... OK
* checking R code for possible problems ... OK
* checking Rd files ... WARNING
prepare_Rd: generateSQL.Rd:56: unexpected section header '\description'
prepare_Rd: generateSQL.Rd:62: unexpected section header '\section'
prepare_Rd: generateSQL.Rd:95: unexpected section header '\examples'
prepare_Rd: generateSQL.Rd:124: unexpected section header '\references'
prepare_Rd: generateSQL.Rd:128: unexpected END_OF_INPUT '
'
checkRd: (5) generateSQL.Rd:0-129: Must have a \description
checkRd: (7) generateSQL.Rd:96-122: Tag \dontrun not recognized
* checking Rd metadata ... OK
* checking Rd cross-references ... OK
* checking for missing documentation entries ... OK
* checking for code/documentation mismatches ... OK
* checking Rd \usage sections ... OK
* checking Rd contents ... OK
* checking for unstated dependencies in examples ... OK
* checking examples ... NONE
* checking PDF version of manual ... WARNING
LaTeX errors when creating PDF version.
This typically indicates Rd problems.
LaTeX errors found:
! You can't use `macro parameter character #' in vertical mode.
l.146 #
       # Not run:
Sorry, but I'm not programmed to handle this case;
I'll just pretend that you didn't ask for it.
! You can't use `macro parameter character #' in vertical mode.
l.146 ##
         Not run:
Sorry, but I'm not programmed to handle this case;
I'll just pretend that you didn't ask for it.
! You can't use `macro parameter character #' in vertical mode.
l.173 #
       # End(Not run)
Sorry, but I'm not programmed to handle this case;
I'll just pretend that you didn't ask for it.
! You can't use `macro parameter character #' in vertical mode.
l.173 ##
         End(Not run)
Sorry, but I'm not programmed to handle this case;
I'll just pretend that you didn't ask for it.
* checking PDF version of manual without hyperrefs or index ... ERROR
